#
# There is insufficient memory for the Java Runtime Environment to continue.
# Native memory allocation (malloc) failed to allocate 1048576 bytes for AllocateHeap
# Possible reasons:
#   The system is out of physical RAM or swap space
#   The process is running with CompressedOops enabled, and the Java Heap may be blocking the growth of the native heap
# Possible solutions:
#   Reduce memory load on the system
#   Increase physical memory or swap space
#   Check if swap backing store is full
#   Decrease Java heap size (-Xmx/-Xms)
#   Decrease number of Java threads
#   Decrease Java thread stack sizes (-Xss)
#   Set larger code cache with -XX:ReservedCodeCacheSize=
#   JVM is running with Unscaled Compressed Oops mode in which the Java heap is
#     placed in the first 4GB address space. The Java Heap base address is the
#     maximum limit for the native heap growth. Please use -XX:HeapBaseMinAddress
#     to set the Java Heap base and to place the Java Heap above 4GB virtual address.
# This output file may be truncated or incomplete.
#
#  Out of Memory Error (memory/allocation.inline.hpp:61), pid=3196, tid=0x0000000000000204
#
# JRE version:  (8.0_311-b11) (build )
# Java VM: Java HotSpot(TM) 64-Bit Server VM (25.311-b11 mixed mode windows-amd64 compressed oops)
# Failed to write core dump. Minidumps are not enabled by default on client versions of Windows
#

---------------  T H R E A D  ---------------

Current thread (0x00000129f35a3000):  JavaThread "Unknown thread" [_thread_in_vm, id=516, stack(0x00000010a8e00000,0x00000010a8f00000)]

Stack: [0x00000010a8e00000,0x00000010a8f00000]
Native frames: (J=compiled Java code, j=interpreted, Vv=VM code, C=native code)
V  [jvm.dll+0x32f239]
V  [jvm.dll+0x275882]
V  [jvm.dll+0x27652d]
V  [jvm.dll+0x26cf65]
V  [jvm.dll+0x509d]
V  [jvm.dll+0x3c9b0d]
V  [jvm.dll+0x3ca88a]
V  [jvm.dll+0x3c6827]
V  [jvm.dll+0xfce3f]
V  [jvm.dll+0x20a21b]
V  [jvm.dll+0x238c47]
V  [jvm.dll+0x1628e6]
C  [java.exe+0x2312]
C  [java.exe+0x15f54]
C  [KERNEL32.DLL+0x17034]
C  [ntdll.dll+0x52651]


---------------  P R O C E S S  ---------------

Java Threads: ( => current thread )

Other Threads:

=>0x00000129f35a3000 (exited) JavaThread "Unknown thread" [_thread_in_vm, id=516, stack(0x00000010a8e00000,0x00000010a8f00000)]

VM state:not at safepoint (normal execution)

VM Mutex/Monitor currently owned by a thread: None

heap address: 0x00000000fc000000, size: 64 MB, Compressed Oops mode: 32-bit
Narrow klass base: 0x0000000000000000, Narrow klass shift: 3
Compressed class space size: 1073741824 Address: 0x0000000100000000

Heap:
 PSYoungGen      total 18944K, used 327K [0x00000000feb00000, 0x0000000100000000, 0x0000000100000000)
  eden space 16384K, 2% used [0x00000000feb00000,0x00000000feb51ec8,0x00000000ffb00000)
  from space 2560K, 0% used [0x00000000ffd80000,0x00000000ffd80000,0x0000000100000000)
  to   space 2560K, 0% used [0x00000000ffb00000,0x00000000ffb00000,0x00000000ffd80000)
 ParOldGen       total 44032K, used 0K [0x00000000fc000000, 0x00000000feb00000, 0x00000000feb00000)
  object space 44032K, 0% used [0x00000000fc000000,0x00000000fc000000,0x00000000feb00000)
 Metaspace       used 778K, capacity 4480K, committed 4480K, reserved 1056768K
  class space    used 76K, capacity 384K, committed 384K, reserved 1048576K

Card table byte_map: [0x00000129f52a0000,0x00000129f52d0000] byte_map_base: 0x00000129f4ac0000

Marking Bits: (ParMarkBitMap*) 0x000000005e0a8030
 Begin Bits: [0x00000129f52f0000, 0x00000129f53f0000)
 End Bits:   [0x00000129f53f0000, 0x00000129f54f0000)

Polling page: 0x00000129f4eb0000

CodeCache: size=245760Kb used=329Kb max_used=329Kb free=245430Kb
 bounds [0x0000012980000000, 0x0000012980270000, 0x000001298f000000]
 total_blobs=58 nmethods=0 adapters=38
 compilation: enabled

Compilation events (0 events):
No events

GC Heap History (0 events):
No events

Deoptimization events (0 events):
No events

Classes redefined (0 events):
No events

Internal exceptions (0 events):
No events

Events (10 events):
Event: 0.030 loading class java/lang/Short
Event: 0.030 loading class java/lang/Short done
Event: 0.030 loading class java/lang/Integer
Event: 0.030 loading class java/lang/Integer done
Event: 0.030 loading class java/lang/Long
Event: 0.030 loading class java/lang/Long done
Event: 0.031 loading class java/lang/NullPointerException
Event: 0.031 loading class java/lang/NullPointerException done
Event: 0.031 loading class java/lang/ArithmeticException
Event: 0.031 loading class java/lang/ArithmeticException done


Dynamic libraries:
0x00007ff7bc410000 - 0x00007ff7bc457000 	C:\Program Files\Java\jdk1.8.0_311\bin\java.exe
0x00007ff96bab0000 - 0x00007ff96bca5000 	C:\Windows\SYSTEM32\ntdll.dll
0x00007ff96ab80000 - 0x00007ff96ac3e000 	C:\Windows\System32\KERNEL32.DLL
0x00007ff9696a0000 - 0x00007ff969968000 	C:\Windows\System32\KERNELBASE.dll
0x00007ff96a350000 - 0x00007ff96a3fc000 	C:\Windows\System32\ADVAPI32.dll
0x00007ff96ac40000 - 0x00007ff96acde000 	C:\Windows\System32\msvcrt.dll
0x00007ff96a010000 - 0x00007ff96a0ab000 	C:\Windows\System32\sechost.dll
0x00007ff96b870000 - 0x00007ff96b99a000 	C:\Windows\System32\RPCRT4.dll
0x00007ff96a1a0000 - 0x00007ff96a341000 	C:\Windows\System32\USER32.dll
0x00007ff969230000 - 0x00007ff969252000 	C:\Windows\System32\win32u.dll
0x00007ff969c30000 - 0x00007ff969c5b000 	C:\Windows\System32\GDI32.dll
0x00007ff9694e0000 - 0x00007ff9695eb000 	C:\Windows\System32\gdi32full.dll
0x00007ff969440000 - 0x00007ff9694dd000 	C:\Windows\System32\msvcp_win.dll
0x00007ff969970000 - 0x00007ff969a70000 	C:\Windows\System32\ucrtbase.dll
0x00007ff9515c0000 - 0x00007ff95185a000 	C:\Windows\WinSxS\amd64_microsoft.windows.common-controls_6595b64144ccf1df_6.0.19041.1110_none_60b5254171f9507e\COMCTL32.dll
0x00007ff96b840000 - 0x00007ff96b870000 	C:\Windows\System32\IMM32.DLL
0x00007ff964830000 - 0x00007ff964845000 	C:\Program Files\Java\jdk1.8.0_311\jre\bin\vcruntime140.dll
0x00007ff949830000 - 0x00007ff9498cb000 	C:\Program Files\Java\jdk1.8.0_311\jre\bin\msvcp140.dll
0x000000005d8c0000 - 0x000000005e120000 	C:\Program Files\Java\jdk1.8.0_311\jre\bin\server\jvm.dll
0x00007ff969e40000 - 0x00007ff969e48000 	C:\Windows\System32\PSAPI.DLL
0x00007ff964820000 - 0x00007ff964829000 	C:\Windows\SYSTEM32\WSOCK32.dll
0x00007ff962180000 - 0x00007ff96218a000 	C:\Windows\SYSTEM32\VERSION.dll
0x00007ff94b090000 - 0x00007ff94b0b7000 	C:\Windows\SYSTEM32\WINMM.dll
0x00007ff96a690000 - 0x00007ff96a6fb000 	C:\Windows\System32\WS2_32.dll
0x00007ff967a50000 - 0x00007ff967a62000 	C:\Windows\SYSTEM32\kernel.appcore.dll
0x00007ff962c50000 - 0x00007ff962c60000 	C:\Program Files\Java\jdk1.8.0_311\jre\bin\verify.dll
0x00007ff960a90000 - 0x00007ff960abb000 	C:\Program Files\Java\jdk1.8.0_311\jre\bin\java.dll
0x00007ff9611c0000 - 0x00007ff9611d8000 	C:\Program Files\Java\jdk1.8.0_311\jre\bin\zip.dll
0x00007ff967650000 - 0x00007ff967834000 	C:\Windows\SYSTEM32\dbghelp.dll
0x00007ff969a70000 - 0x00007ff969af3000 	C:\Windows\System32\bcryptPrimitives.dll

VM Arguments:
jvm_args: -Xmx64m -Xms64m -Dorg.gradle.appname=gradlew 
java_command: org.gradle.wrapper.GradleWrapperMain app:installDebug -PreactNativeDevServerPort=8081
java_class_path (initial): C:\Users\MILAN\Desktop\videocalling\videocall\android\\gradle\wrapper\gradle-wrapper.jar
Launcher Type: SUN_STANDARD

Environment Variables:
JAVA_HOME=C:\Program Files\Java\jdk1.8.0_311
CLASSPATH=C:\Users\MILAN\Desktop\videocalling\videocall\android\\gradle\wrapper\gradle-wrapper.jar
PATH=C:\Users\MILAN\Desktop\videocalling\videocall\android\node_modules\.bin;C:\Users\MILAN\Desktop\videocalling\videocall\node_modules\.bin;C:\Users\MILAN\Desktop\videocalling\node_modules\.bin;C:\Users\MILAN\Desktop\node_modules\.bin;C:\Users\MILAN\node_modules\.bin;C:\Users\node_modules\.bin;C:\node_modules\.bin;C:\Program Files\nodejs;C:\Users\MILAN\Desktop\videocalling\videocall\node_modules\.bin;C:\Users\MILAN\Desktop\videocalling\node_modules\.bin;C:\Users\MILAN\Desktop\node_modules\.bin;C:\Users\MILAN\node_modules\.bin;C:\Users\node_modules\.bin;C:\node_modules\.bin;C:\Program Files\nodejs\node_modules\npm\node_modules\@npmcli\run-script\lib\node-gyp-bin;C:\Program Files (x86)\Common Files\Oracle\Java\javapath;C:\Windows\system32;C:\Windows;C:\Windows\System32\Wbem;C:\Windows\System32\WindowsPowerShell\v1.0\;C:\Windows\System32\OpenSSH\;C:\Program Files\nodejs\;C:\Program Files\Git\cmd;C:\Users\MILAN\AppData\Local\Microsoft\WindowsApps;C:\Users\MILAN\AppData\Local\Programs\Microsoft VS Code\bin;C:\Users\MILAN\AppData\Roaming\npm;C:\Program Files\Java\jdk1.8.0_311\bin;C:\Users\MILAN\AppData\Local\GitHubDesktop\bin;C:\ProgramData\MILAN\GitHubDesktop\bin;C:\Users\MILAN\AppData\Local\Android\Sdk\platform-tools;
USERNAME=MILAN
OS=Windows_NT
PROCESSOR_IDENTIFIER=Intel64 Family 6 Model 126 Stepping 5, GenuineIntel



---------------  S Y S T E M  ---------------

OS: Windows 10.0 , 64 bit Build 19041 (10.0.19041.1348)

CPU:total 8 (initial active 8) (4 cores per cpu, 2 threads per core) family 6 model 126 stepping 5, cmov, cx8, fxsr, mmx, sse, sse2, sse3, ssse3, sse4.1, sse4.2, popcnt, avx, avx2, aes, clmul, erms, 3dnowpref, lzcnt, ht, tsc, tscinvbit, bmi1, bmi2, adx

Memory: 4k page, physical 8121136k(198276k free), swap 21139488k(4204k free)

vm_info: Java HotSpot(TM) 64-Bit Server VM (25.311-b11) for windows-amd64 JRE (1.8.0_311-b11), built on Sep 27 2021 05:15:14 by "java_re" with MS VC++ 15.9 (VS2017)

time: Sun Dec 12 21:09:45 2021
timezone: India Standard Time
elapsed time: 0.067725 seconds (0d 0h 0m 0s)

